{"error":{"ErrorCodes":"Invalid verification token","isOperational":true,"statusCode":400},"level":"error","message":"[Global Error Handler] Invalid token or email already verified","method":"POST","path":"/api/v1/verify-email","stack":"Error: Invalid token or email already verified\n    at AuthController.verifyEmail (C:\\Users\\FOLTI-ADMIN\\Documents\\Ambitious_data\\VTU\\src\\controllers\\authController.ts:300:15)\n    at processTicksAndRejections (node:internal/process/task_queues:95:5)","timestamp":"2025-03-23T18:11:09.943Z"}
{"level":"info","message":"Server is running on port 3000","timestamp":"2025-03-23T18:54:06.791Z"}
{"level":"info","message":"MongoDB Connected using development","timestamp":"2025-03-23T18:54:06.819Z"}
{"level":"info","message":"Server is running on port 3000","timestamp":"2025-03-23T18:54:30.662Z"}
{"level":"info","message":"MongoDB Connected using development","timestamp":"2025-03-23T18:54:30.686Z"}
{"error":{"ErrorCodes":"Invalid verification token","isOperational":true,"statusCode":400},"level":"error","message":"[Global Error Handler] Invalid token or email already verified","method":"POST","path":"/api/v1/verify-email","stack":"Error: Invalid token or email already verified\n    at AuthController.verifyEmail (C:\\Users\\FOLTI-ADMIN\\Documents\\Ambitious_data\\VTU\\src\\controllers\\authController.ts:300:15)\n    at processTicksAndRejections (node:internal/process/task_queues:95:5)","timestamp":"2025-03-23T18:55:26.475Z"}
{"level":"info","message":"Server is running on port 3000","timestamp":"2025-03-23T18:56:38.870Z"}
{"level":"info","message":"MongoDB Connected using development","timestamp":"2025-03-23T18:56:38.894Z"}
{"level":"info","message":"Server is running on port 3000","timestamp":"2025-03-23T18:56:51.497Z"}
{"level":"info","message":"MongoDB Connected using development","timestamp":"2025-03-23T18:56:51.524Z"}
{"error":{"ErrorCodes":"Invalid verification token","isOperational":true,"statusCode":400},"level":"error","message":"[Global Error Handler] Invalid token or email already verified","method":"POST","path":"/api/v1/verify-email","stack":"Error: Invalid token or email already verified\n    at AuthController.verifyEmail (C:\\Users\\FOLTI-ADMIN\\Documents\\Ambitious_data\\VTU\\src\\controllers\\authController.ts:300:15)\n    at processTicksAndRejections (node:internal/process/task_queues:95:5)","timestamp":"2025-03-23T18:57:48.071Z"}
{"level":"info","message":"Server is running on port 3000","timestamp":"2025-03-23T19:03:34.652Z"}
{"level":"info","message":"MongoDB Connected using development","timestamp":"2025-03-23T19:03:34.677Z"}
{"level":"info","message":"Server is running on port 3000","timestamp":"2025-03-23T19:03:56.189Z"}
{"level":"info","message":"MongoDB Connected using development","timestamp":"2025-03-23T19:03:56.211Z"}
{"level":"info","message":"Server is running on port 3000","timestamp":"2025-03-23T19:04:22.049Z"}
{"level":"info","message":"MongoDB Connected using development","timestamp":"2025-03-23T19:04:22.075Z"}
{"level":"info","message":"Server is running on port 3000","timestamp":"2025-03-23T19:05:43.926Z"}
{"level":"info","message":"MongoDB Connected using development","timestamp":"2025-03-23T19:05:43.951Z"}
{"level":"info","message":"Server is running on port 3000","timestamp":"2025-03-24T01:10:05.238Z"}
{"level":"info","message":"MongoDB Connected using development","timestamp":"2025-03-24T01:10:05.350Z"}
{"level":"info","message":"Server is running on port 3000","timestamp":"2025-03-24T01:10:53.232Z"}
{"level":"info","message":"MongoDB Connected using development","timestamp":"2025-03-24T01:10:53.260Z"}
{"level":"info","message":"Server is running on port 3000","timestamp":"2025-03-24T01:11:38.241Z"}
{"level":"info","message":"MongoDB Connected using development","timestamp":"2025-03-24T01:11:38.285Z"}
{"level":"info","message":"Server is running on port 3000","timestamp":"2025-03-24T01:12:23.999Z"}
{"level":"info","message":"MongoDB Connected using development","timestamp":"2025-03-24T01:12:24.034Z"}
{"level":"info","message":"Server is running on port 3000","timestamp":"2025-03-24T01:12:59.719Z"}
{"level":"info","message":"MongoDB Connected using development","timestamp":"2025-03-24T01:12:59.747Z"}
{"level":"info","message":"Server is running on port 3000","timestamp":"2025-03-24T01:13:30.716Z"}
{"level":"info","message":"MongoDB Connected using development","timestamp":"2025-03-24T01:13:30.748Z"}
{"level":"info","message":"Server is running on port 3000","timestamp":"2025-03-24T01:14:10.428Z"}
{"level":"info","message":"MongoDB Connected using development","timestamp":"2025-03-24T01:14:10.456Z"}
{"level":"info","message":"Server is running on port 3000","timestamp":"2025-03-24T01:22:16.904Z"}
{"level":"info","message":"MongoDB Connected using development","timestamp":"2025-03-24T01:22:16.931Z"}
{"error":{"ErrorCodes":"Invalid verification token","isOperational":true,"statusCode":400},"level":"error","message":"[Global Error Handler] Invalid token or email already verified","method":"POST","path":"/api/v1/verify-email","stack":"Error: Invalid token or email already verified\n    at AuthController.verifyEmail (C:\\Users\\FOLTI-ADMIN\\Documents\\Ambitious_data\\VTU\\src\\controllers\\authController.ts:305:15)\n    at processTicksAndRejections (node:internal/process/task_queues:95:5)","timestamp":"2025-03-24T01:22:20.343Z"}
{"level":"info","message":"Server is running on port 3000","timestamp":"2025-03-24T01:22:41.561Z"}
{"level":"info","message":"MongoDB Connected using development","timestamp":"2025-03-24T01:22:41.592Z"}
{"level":"info","message":"Server is running on port 3000","timestamp":"2025-03-24T01:23:11.758Z"}
{"level":"info","message":"MongoDB Connected using development","timestamp":"2025-03-24T01:23:11.787Z"}
{"level":"info","message":"Server is running on port 3000","timestamp":"2025-03-24T01:25:36.725Z"}
{"level":"info","message":"MongoDB Connected using development","timestamp":"2025-03-24T01:25:36.751Z"}
{"error":{"ErrorCodes":"Invalid verification token","isOperational":true,"statusCode":400},"level":"error","message":"[Global Error Handler] Invalid token or email already verified","method":"POST","path":"/api/v1/verify-email","stack":"Error: Invalid token or email already verified\n    at AuthController.verifyEmail (C:\\Users\\FOLTI-ADMIN\\Documents\\Ambitious_data\\VTU\\src\\controllers\\authController.ts:310:15)\n    at processTicksAndRejections (node:internal/process/task_queues:95:5)","timestamp":"2025-03-24T01:25:42.877Z"}
{"level":"info","message":"Server is running on port 3000","timestamp":"2025-03-24T01:28:34.282Z"}
{"level":"info","message":"MongoDB Connected using development","timestamp":"2025-03-24T01:28:34.366Z"}
{"level":"info","message":"Server is running on port 3000","timestamp":"2025-03-24T01:30:39.913Z"}
{"level":"info","message":"MongoDB Connected using development","timestamp":"2025-03-24T01:30:39.947Z"}
{"level":"info","message":"Server is running on port 3000","timestamp":"2025-03-24T01:41:34.560Z"}
{"level":"info","message":"MongoDB Connected using development","timestamp":"2025-03-24T01:41:34.587Z"}
{"level":"info","message":"Server is running on port 3000","timestamp":"2025-03-24T01:41:52.050Z"}
{"level":"info","message":"MongoDB Connected using development","timestamp":"2025-03-24T01:41:52.077Z"}
{"error":{"ErrorCodes":"Invalid verification token","isOperational":true,"statusCode":400},"level":"error","message":"[Global Error Handler] Invalid token or email already verified","method":"POST","path":"/api/v1/verify-email","stack":"Error: Invalid token or email already verified\n    at AuthController.verifyEmail (C:\\Users\\FOLTI-ADMIN\\Documents\\Ambitious_data\\VTU\\src\\controllers\\authController.ts:313:15)\n    at processTicksAndRejections (node:internal/process/task_queues:95:5)","timestamp":"2025-03-24T01:41:55.286Z"}
{"level":"info","message":"Server is running on port 3000","timestamp":"2025-03-24T01:45:56.932Z"}
{"level":"info","message":"MongoDB Connected using development","timestamp":"2025-03-24T01:45:56.958Z"}
{"error":{"ErrorCodes":"Invalid verification token","isOperational":true,"statusCode":400},"level":"error","message":"[Global Error Handler] Invalid token or email already verified","method":"POST","path":"/api/v1/verify-email","stack":"Error: Invalid token or email already verified\n    at AuthController.verifyEmail (C:\\Users\\FOLTI-ADMIN\\Documents\\Ambitious_data\\VTU\\src\\controllers\\authController.ts:313:15)\n    at processTicksAndRejections (node:internal/process/task_queues:95:5)","timestamp":"2025-03-24T01:45:59.908Z"}
{"level":"info","message":"Server is running on port 3000","timestamp":"2025-03-24T01:46:20.134Z"}
{"level":"info","message":"MongoDB Connected using development","timestamp":"2025-03-24T01:46:20.161Z"}
{"level":"info","message":"Server is running on port 3000","timestamp":"2025-03-24T01:47:01.592Z"}
{"level":"info","message":"MongoDB Connected using development","timestamp":"2025-03-24T01:47:01.616Z"}
{"level":"info","message":"Server is running on port 3000","timestamp":"2025-03-24T01:47:23.409Z"}
{"level":"info","message":"MongoDB Connected using development","timestamp":"2025-03-24T01:47:23.438Z"}
{"error":{"ErrorCodes":"Invalid verification token","isOperational":true,"statusCode":400},"level":"error","message":"[Global Error Handler] Invalid token or email already verified","method":"POST","path":"/api/v1/verify-email","stack":"Error: Invalid token or email already verified\n    at AuthController.verifyEmail (C:\\Users\\FOLTI-ADMIN\\Documents\\Ambitious_data\\VTU\\src\\controllers\\authController.ts:314:15)\n    at processTicksAndRejections (node:internal/process/task_queues:95:5)","timestamp":"2025-03-24T01:47:24.348Z"}
{"level":"info","message":"Server is running on port 3000","timestamp":"2025-03-24T01:47:43.460Z"}
{"level":"info","message":"MongoDB Connected using development","timestamp":"2025-03-24T01:47:43.484Z"}
{"error":{"ErrorCodes":"Invalid verification token","isOperational":true,"statusCode":400},"level":"error","message":"[Global Error Handler] Invalid token or email already verified","method":"POST","path":"/api/v1/verify-email","stack":"Error: Invalid token or email already verified\n    at AuthController.verifyEmail (C:\\Users\\FOLTI-ADMIN\\Documents\\Ambitious_data\\VTU\\src\\controllers\\authController.ts:314:15)\n    at processTicksAndRejections (node:internal/process/task_queues:95:5)","timestamp":"2025-03-24T01:47:45.818Z"}
{"level":"info","message":"Server is running on port 3000","timestamp":"2025-03-24T01:48:44.620Z"}
{"level":"info","message":"MongoDB Connected using development","timestamp":"2025-03-24T01:48:44.643Z"}
{"level":"info","message":"Server is running on port 3000","timestamp":"2025-03-24T01:50:37.459Z"}
{"level":"info","message":"MongoDB Connected using development","timestamp":"2025-03-24T01:50:37.484Z"}
{"level":"info","message":"Server is running on port 3000","timestamp":"2025-03-24T01:51:56.173Z"}
{"level":"info","message":"MongoDB Connected using development","timestamp":"2025-03-24T01:51:56.199Z"}
{"level":"info","message":"New user registered: antwanola29@gmail.com","timestamp":"2025-03-24T01:52:03.961Z"}
{"level":"info","message":"Server is running on port 3000","timestamp":"2025-03-24T01:53:11.121Z"}
{"level":"info","message":"MongoDB Connected using development","timestamp":"2025-03-24T01:53:11.206Z"}
{"error":{"ErrorCodes":"Invalid verification token","isOperational":true,"statusCode":400},"level":"error","message":"[Global Error Handler] Invalid token or email already verified","method":"POST","path":"/api/v1/verify-email","stack":"Error: Invalid token or email already verified\n    at AuthController.verifyEmail (C:\\Users\\FOLTI-ADMIN\\Documents\\Ambitious_data\\VTU\\src\\controllers\\authController.ts:317:15)\n    at processTicksAndRejections (node:internal/process/task_queues:95:5)","timestamp":"2025-03-24T01:53:19.938Z"}
{"level":"info","message":"Server is running on port 3000","timestamp":"2025-03-24T01:55:21.665Z"}
{"level":"info","message":"MongoDB Connected using development","timestamp":"2025-03-24T01:55:21.722Z"}
{"level":"info","message":"Server is running on port 3000","timestamp":"2025-03-24T01:55:38.270Z"}
{"level":"info","message":"MongoDB Connected using development","timestamp":"2025-03-24T01:55:38.296Z"}
{"level":"info","message":"Server is running on port 3000","timestamp":"2025-03-24T01:56:12.453Z"}
{"level":"info","message":"MongoDB Connected using development","timestamp":"2025-03-24T01:56:12.485Z"}
{"error":{"ErrorCodes":"Invalid verification token","isOperational":true,"statusCode":400},"level":"error","message":"[Global Error Handler] Invalid token or email already verified","method":"POST","path":"/api/v1/verify-email","stack":"Error: Invalid token or email already verified\n    at AuthController.verifyEmail (C:\\Users\\FOLTI-ADMIN\\Documents\\Ambitious_data\\VTU\\src\\controllers\\authController.ts:317:15)\n    at processTicksAndRejections (node:internal/process/task_queues:95:5)","timestamp":"2025-03-24T01:56:18.462Z"}
{"level":"info","message":"Server is running on port 3000","timestamp":"2025-03-24T01:57:23.789Z"}
{"level":"info","message":"MongoDB Connected using development","timestamp":"2025-03-24T01:57:23.813Z"}
{"error":{"ErrorCodes":"Invalid verification token","isOperational":true,"statusCode":400},"level":"error","message":"[Global Error Handler] Invalid token or email already verified","method":"POST","path":"/api/v1/verify-email","stack":"Error: Invalid token or email already verified\n    at AuthController.verifyEmail (C:\\Users\\FOLTI-ADMIN\\Documents\\Ambitious_data\\VTU\\src\\controllers\\authController.ts:317:15)\n    at processTicksAndRejections (node:internal/process/task_queues:95:5)","timestamp":"2025-03-24T01:57:27.501Z"}
{"level":"info","message":"Server is running on port 3000","timestamp":"2025-03-24T01:58:52.060Z"}
{"level":"info","message":"MongoDB Connected using development","timestamp":"2025-03-24T01:58:52.087Z"}
{"level":"info","message":"Server is running on port 3000","timestamp":"2025-03-24T01:59:49.302Z"}
{"level":"info","message":"MongoDB Connected using development","timestamp":"2025-03-24T01:59:49.326Z"}
{"error":{"ErrorCodes":"Invalid verification token","isOperational":true,"statusCode":400},"level":"error","message":"[Global Error Handler] Invalid token or email already verified","method":"POST","path":"/api/v1/verify-email","stack":"Error: Invalid token or email already verified\n    at AuthController.verifyEmail (C:\\Users\\FOLTI-ADMIN\\Documents\\Ambitious_data\\VTU\\src\\controllers\\authController.ts:317:15)\n    at processTicksAndRejections (node:internal/process/task_queues:95:5)","timestamp":"2025-03-24T01:59:59.758Z"}
{"level":"info","message":"Server is running on port 3000","timestamp":"2025-03-24T02:01:28.195Z"}
{"level":"info","message":"MongoDB Connected using development","timestamp":"2025-03-24T02:01:28.219Z"}
{"level":"info","message":"Email verified for user: antwanola29@gmail.com","timestamp":"2025-03-24T02:01:47.506Z"}
{"level":"info","message":"Server is running on port 3000","timestamp":"2025-03-24T02:02:22.905Z"}
{"level":"info","message":"MongoDB Connected using development","timestamp":"2025-03-24T02:02:22.942Z"}
{"error":{"ErrorCodes":"Invalid verification token","isOperational":true,"statusCode":400},"level":"error","message":"[Global Error Handler] Invalid token or email already verified","method":"POST","path":"/api/v1/verify-email","stack":"Error: Invalid token or email already verified\n    at AuthController.verifyEmail (C:\\Users\\FOLTI-ADMIN\\Documents\\Ambitious_data\\VTU\\src\\controllers\\authController.ts:317:15)\n    at processTicksAndRejections (node:internal/process/task_queues:95:5)","timestamp":"2025-03-24T02:03:43.849Z"}
{"level":"info","message":"Server is running on port 3000","timestamp":"2025-03-24T02:05:06.519Z"}
{"level":"info","message":"MongoDB Connected using development","timestamp":"2025-03-24T02:05:06.547Z"}
{"level":"info","message":"Server is running on port 3000","timestamp":"2025-03-24T02:06:04.821Z"}
{"level":"info","message":"MongoDB Connected using development","timestamp":"2025-03-24T02:06:04.845Z"}
{"level":"info","message":"Server is running on port 3000","timestamp":"2025-03-24T02:06:43.382Z"}
{"level":"info","message":"MongoDB Connected using development","timestamp":"2025-03-24T02:06:43.408Z"}
{"level":"info","message":"Server is running on port 3000","timestamp":"2025-03-24T02:07:03.949Z"}
{"level":"info","message":"MongoDB Connected using development","timestamp":"2025-03-24T02:07:03.976Z"}
{"level":"info","message":"Server is running on port 3000","timestamp":"2025-03-24T02:14:55.556Z"}
{"level":"info","message":"MongoDB Connected using development","timestamp":"2025-03-24T02:14:55.582Z"}
{"level":"info","message":"Server is running on port 3000","timestamp":"2025-03-24T02:15:13.795Z"}
{"level":"info","message":"MongoDB Connected using development","timestamp":"2025-03-24T02:15:13.820Z"}
{"level":"info","message":"Server is running on port 3000","timestamp":"2025-03-24T02:15:48.257Z"}
{"level":"info","message":"MongoDB Connected using development","timestamp":"2025-03-24T02:15:48.296Z"}
{"level":"info","message":"Server is running on port 3000","timestamp":"2025-03-24T02:16:07.842Z"}
{"level":"info","message":"MongoDB Connected using development","timestamp":"2025-03-24T02:16:07.871Z"}
{"level":"info","message":"Server is running on port 3000","timestamp":"2025-03-24T02:16:20.133Z"}
{"level":"info","message":"MongoDB Connected using development","timestamp":"2025-03-24T02:16:20.157Z"}
{"error":{"ErrorCodes":"Invalid verification token","isOperational":true,"statusCode":400},"level":"error","message":"[Global Error Handler] Invalid token or email already verified","method":"POST","path":"/api/v1/verify-email","stack":"Error: Invalid token or email already verified\n    at AuthController.verifyEmail (C:\\Users\\FOLTI-ADMIN\\Documents\\Ambitious_data\\VTU\\src\\controllers\\authController.ts:342:15)","timestamp":"2025-03-24T02:16:27.301Z"}
{"level":"info","message":"Server is running on port 3000","timestamp":"2025-03-24T02:19:25.373Z"}
{"level":"info","message":"MongoDB Connected using development","timestamp":"2025-03-24T02:19:25.396Z"}
{"error":{"ErrorCodes":"Invalid verification token","isOperational":true,"statusCode":400},"level":"error","message":"[Global Error Handler] Invalid token or email already verified","method":"POST","path":"/api/v1/verify-email","stack":"Error: Invalid token or email already verified\n    at AuthController.verifyEmail (C:\\Users\\FOLTI-ADMIN\\Documents\\Ambitious_data\\VTU\\src\\controllers\\authController.ts:342:15)","timestamp":"2025-03-24T02:21:30.302Z"}
{"level":"info","message":"Server is running on port 3000","timestamp":"2025-03-24T02:22:42.697Z"}
{"level":"info","message":"MongoDB Connected using development","timestamp":"2025-03-24T02:22:42.722Z"}
{"error":{},"level":"error","message":"[Global Error Handler] Cannot read properties of undefined (reading 'token')","method":"POST","path":"/api/v1/verify-email","stack":"TypeError: Cannot read properties of undefined (reading 'token')\n    at AuthController.verifyToken (C:\\Users\\FOLTI-ADMIN\\Documents\\Ambitious_data\\VTU\\src\\controllers\\authController.ts:131:20)\n    at AuthController.verifyEmail (C:\\Users\\FOLTI-ADMIN\\Documents\\Ambitious_data\\VTU\\src\\controllers\\authController.ts:338:53)\n    at Layer.handle [as handle_request] (C:\\Users\\FOLTI-ADMIN\\Documents\\Ambitious_data\\VTU\\node_modules\\express\\lib\\router\\layer.js:95:5)\n    at next (C:\\Users\\FOLTI-ADMIN\\Documents\\Ambitious_data\\VTU\\node_modules\\express\\lib\\router\\route.js:149:13)\n    at Route.dispatch (C:\\Users\\FOLTI-ADMIN\\Documents\\Ambitious_data\\VTU\\node_modules\\express\\lib\\router\\route.js:119:3)\n    at Layer.handle [as handle_request] (C:\\Users\\FOLTI-ADMIN\\Documents\\Ambitious_data\\VTU\\node_modules\\express\\lib\\router\\layer.js:95:5)\n    at C:\\Users\\FOLTI-ADMIN\\Documents\\Ambitious_data\\VTU\\node_modules\\express\\lib\\router\\index.js:284:15\n    at Function.process_params (C:\\Users\\FOLTI-ADMIN\\Documents\\Ambitious_data\\VTU\\node_modules\\express\\lib\\router\\index.js:346:12)\n    at next (C:\\Users\\FOLTI-ADMIN\\Documents\\Ambitious_data\\VTU\\node_modules\\express\\lib\\router\\index.js:280:10)\n    at C:\\Users\\FOLTI-ADMIN\\Documents\\Ambitious_data\\VTU\\node_modules\\express-rate-limit\\dist\\index.cjs:752:7","timestamp":"2025-03-24T02:23:09.573Z"}
{"error":{},"level":"error","message":"[Global Error Handler] Cannot read properties of undefined (reading 'token')","method":"POST","path":"/api/v1/verify-email","stack":"TypeError: Cannot read properties of undefined (reading 'token')\n    at AuthController.verifyToken (C:\\Users\\FOLTI-ADMIN\\Documents\\Ambitious_data\\VTU\\src\\controllers\\authController.ts:131:20)\n    at AuthController.verifyEmail (C:\\Users\\FOLTI-ADMIN\\Documents\\Ambitious_data\\VTU\\src\\controllers\\authController.ts:338:53)\n    at Layer.handle [as handle_request] (C:\\Users\\FOLTI-ADMIN\\Documents\\Ambitious_data\\VTU\\node_modules\\express\\lib\\router\\layer.js:95:5)\n    at next (C:\\Users\\FOLTI-ADMIN\\Documents\\Ambitious_data\\VTU\\node_modules\\express\\lib\\router\\route.js:149:13)\n    at Route.dispatch (C:\\Users\\FOLTI-ADMIN\\Documents\\Ambitious_data\\VTU\\node_modules\\express\\lib\\router\\route.js:119:3)\n    at Layer.handle [as handle_request] (C:\\Users\\FOLTI-ADMIN\\Documents\\Ambitious_data\\VTU\\node_modules\\express\\lib\\router\\layer.js:95:5)\n    at C:\\Users\\FOLTI-ADMIN\\Documents\\Ambitious_data\\VTU\\node_modules\\express\\lib\\router\\index.js:284:15\n    at Function.process_params (C:\\Users\\FOLTI-ADMIN\\Documents\\Ambitious_data\\VTU\\node_modules\\express\\lib\\router\\index.js:346:12)\n    at next (C:\\Users\\FOLTI-ADMIN\\Documents\\Ambitious_data\\VTU\\node_modules\\express\\lib\\router\\index.js:280:10)\n    at C:\\Users\\FOLTI-ADMIN\\Documents\\Ambitious_data\\VTU\\node_modules\\express-rate-limit\\dist\\index.cjs:752:7","timestamp":"2025-03-24T02:24:11.783Z"}
{"error":{},"level":"error","message":"[Global Error Handler] Cannot read properties of undefined (reading 'token')","method":"POST","path":"/api/v1/verify-email","stack":"TypeError: Cannot read properties of undefined (reading 'token')\n    at AuthController.verifyToken (C:\\Users\\FOLTI-ADMIN\\Documents\\Ambitious_data\\VTU\\src\\controllers\\authController.ts:131:20)\n    at AuthController.verifyEmail (C:\\Users\\FOLTI-ADMIN\\Documents\\Ambitious_data\\VTU\\src\\controllers\\authController.ts:338:53)\n    at Layer.handle [as handle_request] (C:\\Users\\FOLTI-ADMIN\\Documents\\Ambitious_data\\VTU\\node_modules\\express\\lib\\router\\layer.js:95:5)\n    at next (C:\\Users\\FOLTI-ADMIN\\Documents\\Ambitious_data\\VTU\\node_modules\\express\\lib\\router\\route.js:149:13)\n    at Route.dispatch (C:\\Users\\FOLTI-ADMIN\\Documents\\Ambitious_data\\VTU\\node_modules\\express\\lib\\router\\route.js:119:3)\n    at Layer.handle [as handle_request] (C:\\Users\\FOLTI-ADMIN\\Documents\\Ambitious_data\\VTU\\node_modules\\express\\lib\\router\\layer.js:95:5)\n    at C:\\Users\\FOLTI-ADMIN\\Documents\\Ambitious_data\\VTU\\node_modules\\express\\lib\\router\\index.js:284:15\n    at Function.process_params (C:\\Users\\FOLTI-ADMIN\\Documents\\Ambitious_data\\VTU\\node_modules\\express\\lib\\router\\index.js:346:12)\n    at next (C:\\Users\\FOLTI-ADMIN\\Documents\\Ambitious_data\\VTU\\node_modules\\express\\lib\\router\\index.js:280:10)\n    at C:\\Users\\FOLTI-ADMIN\\Documents\\Ambitious_data\\VTU\\node_modules\\express-rate-limit\\dist\\index.cjs:752:7","timestamp":"2025-03-24T02:24:36.345Z"}
{"error":{},"level":"error","message":"[Global Error Handler] Cannot read properties of undefined (reading 'token')","method":"POST","path":"/api/v1/verify-email","stack":"TypeError: Cannot read properties of undefined (reading 'token')\n    at AuthController.verifyToken (C:\\Users\\FOLTI-ADMIN\\Documents\\Ambitious_data\\VTU\\src\\controllers\\authController.ts:131:20)\n    at AuthController.verifyEmail (C:\\Users\\FOLTI-ADMIN\\Documents\\Ambitious_data\\VTU\\src\\controllers\\authController.ts:338:53)\n    at Layer.handle [as handle_request] (C:\\Users\\FOLTI-ADMIN\\Documents\\Ambitious_data\\VTU\\node_modules\\express\\lib\\router\\layer.js:95:5)\n    at next (C:\\Users\\FOLTI-ADMIN\\Documents\\Ambitious_data\\VTU\\node_modules\\express\\lib\\router\\route.js:149:13)\n    at Route.dispatch (C:\\Users\\FOLTI-ADMIN\\Documents\\Ambitious_data\\VTU\\node_modules\\express\\lib\\router\\route.js:119:3)\n    at Layer.handle [as handle_request] (C:\\Users\\FOLTI-ADMIN\\Documents\\Ambitious_data\\VTU\\node_modules\\express\\lib\\router\\layer.js:95:5)\n    at C:\\Users\\FOLTI-ADMIN\\Documents\\Ambitious_data\\VTU\\node_modules\\express\\lib\\router\\index.js:284:15\n    at Function.process_params (C:\\Users\\FOLTI-ADMIN\\Documents\\Ambitious_data\\VTU\\node_modules\\express\\lib\\router\\index.js:346:12)\n    at next (C:\\Users\\FOLTI-ADMIN\\Documents\\Ambitious_data\\VTU\\node_modules\\express\\lib\\router\\index.js:280:10)\n    at C:\\Users\\FOLTI-ADMIN\\Documents\\Ambitious_data\\VTU\\node_modules\\express-rate-limit\\dist\\index.cjs:752:7","timestamp":"2025-03-24T02:26:24.531Z"}
{"level":"info","message":"Server is running on port 3000","timestamp":"2025-03-24T02:26:38.150Z"}
{"level":"info","message":"MongoDB Connected using development","timestamp":"2025-03-24T02:26:38.177Z"}
{"error":{},"level":"error","message":"[Global Error Handler] Cannot read properties of undefined (reading 'token')","method":"POST","path":"/api/v1/verify-email","stack":"TypeError: Cannot read properties of undefined (reading 'token')\n    at AuthController.verifyToken (C:\\Users\\FOLTI-ADMIN\\Documents\\Ambitious_data\\VTU\\src\\controllers\\authController.ts:131:20)\n    at AuthController.verifyEmail (C:\\Users\\FOLTI-ADMIN\\Documents\\Ambitious_data\\VTU\\src\\controllers\\authController.ts:338:53)\n    at Layer.handle [as handle_request] (C:\\Users\\FOLTI-ADMIN\\Documents\\Ambitious_data\\VTU\\node_modules\\express\\lib\\router\\layer.js:95:5)\n    at next (C:\\Users\\FOLTI-ADMIN\\Documents\\Ambitious_data\\VTU\\node_modules\\express\\lib\\router\\route.js:149:13)\n    at Route.dispatch (C:\\Users\\FOLTI-ADMIN\\Documents\\Ambitious_data\\VTU\\node_modules\\express\\lib\\router\\route.js:119:3)\n    at Layer.handle [as handle_request] (C:\\Users\\FOLTI-ADMIN\\Documents\\Ambitious_data\\VTU\\node_modules\\express\\lib\\router\\layer.js:95:5)\n    at C:\\Users\\FOLTI-ADMIN\\Documents\\Ambitious_data\\VTU\\node_modules\\express\\lib\\router\\index.js:284:15\n    at Function.process_params (C:\\Users\\FOLTI-ADMIN\\Documents\\Ambitious_data\\VTU\\node_modules\\express\\lib\\router\\index.js:346:12)\n    at next (C:\\Users\\FOLTI-ADMIN\\Documents\\Ambitious_data\\VTU\\node_modules\\express\\lib\\router\\index.js:280:10)\n    at C:\\Users\\FOLTI-ADMIN\\Documents\\Ambitious_data\\VTU\\node_modules\\express-rate-limit\\dist\\index.cjs:752:7","timestamp":"2025-03-24T02:26:52.475Z"}
{"level":"info","message":"Server is running on port 3000","timestamp":"2025-03-24T02:29:09.584Z"}
{"level":"info","message":"MongoDB Connected using development","timestamp":"2025-03-24T02:29:09.610Z"}
{"error":{},"level":"error","message":"[Global Error Handler] Cannot read properties of undefined (reading 'token')","method":"POST","path":"/api/v1/verify-email","stack":"TypeError: Cannot read properties of undefined (reading 'token')\n    at AuthController.verifyToken (C:\\Users\\FOLTI-ADMIN\\Documents\\Ambitious_data\\VTU\\src\\controllers\\authController.ts:142:18)\n    at AuthController.verifyEmail (C:\\Users\\FOLTI-ADMIN\\Documents\\Ambitious_data\\VTU\\src\\controllers\\authController.ts:313:53)\n    at Layer.handle [as handle_request] (C:\\Users\\FOLTI-ADMIN\\Documents\\Ambitious_data\\VTU\\node_modules\\express\\lib\\router\\layer.js:95:5)\n    at next (C:\\Users\\FOLTI-ADMIN\\Documents\\Ambitious_data\\VTU\\node_modules\\express\\lib\\router\\route.js:149:13)\n    at Route.dispatch (C:\\Users\\FOLTI-ADMIN\\Documents\\Ambitious_data\\VTU\\node_modules\\express\\lib\\router\\route.js:119:3)\n    at Layer.handle [as handle_request] (C:\\Users\\FOLTI-ADMIN\\Documents\\Ambitious_data\\VTU\\node_modules\\express\\lib\\router\\layer.js:95:5)\n    at C:\\Users\\FOLTI-ADMIN\\Documents\\Ambitious_data\\VTU\\node_modules\\express\\lib\\router\\index.js:284:15\n    at Function.process_params (C:\\Users\\FOLTI-ADMIN\\Documents\\Ambitious_data\\VTU\\node_modules\\express\\lib\\router\\index.js:346:12)\n    at next (C:\\Users\\FOLTI-ADMIN\\Documents\\Ambitious_data\\VTU\\node_modules\\express\\lib\\router\\index.js:280:10)\n    at C:\\Users\\FOLTI-ADMIN\\Documents\\Ambitious_data\\VTU\\node_modules\\express-rate-limit\\dist\\index.cjs:752:7","timestamp":"2025-03-24T02:29:32.240Z"}
{"level":"info","message":"Server is running on port 3000","timestamp":"2025-03-24T02:30:11.074Z"}
{"level":"info","message":"MongoDB Connected using development","timestamp":"2025-03-24T02:30:11.096Z"}
{"error":{},"level":"error","message":"[Global Error Handler] Cannot read properties of undefined (reading 'token')","method":"POST","path":"/api/v1/verify-email","stack":"TypeError: Cannot read properties of undefined (reading 'token')\n    at AuthController.verifyToken (C:\\Users\\FOLTI-ADMIN\\Documents\\Ambitious_data\\VTU\\src\\controllers\\authController.ts:142:18)\n    at AuthController.verifyEmail (C:\\Users\\FOLTI-ADMIN\\Documents\\Ambitious_data\\VTU\\src\\controllers\\authController.ts:313:53)\n    at Layer.handle [as handle_request] (C:\\Users\\FOLTI-ADMIN\\Documents\\Ambitious_data\\VTU\\node_modules\\express\\lib\\router\\layer.js:95:5)\n    at next (C:\\Users\\FOLTI-ADMIN\\Documents\\Ambitious_data\\VTU\\node_modules\\express\\lib\\router\\route.js:149:13)\n    at Route.dispatch (C:\\Users\\FOLTI-ADMIN\\Documents\\Ambitious_data\\VTU\\node_modules\\express\\lib\\router\\route.js:119:3)\n    at Layer.handle [as handle_request] (C:\\Users\\FOLTI-ADMIN\\Documents\\Ambitious_data\\VTU\\node_modules\\express\\lib\\router\\layer.js:95:5)\n    at C:\\Users\\FOLTI-ADMIN\\Documents\\Ambitious_data\\VTU\\node_modules\\express\\lib\\router\\index.js:284:15\n    at Function.process_params (C:\\Users\\FOLTI-ADMIN\\Documents\\Ambitious_data\\VTU\\node_modules\\express\\lib\\router\\index.js:346:12)\n    at next (C:\\Users\\FOLTI-ADMIN\\Documents\\Ambitious_data\\VTU\\node_modules\\express\\lib\\router\\index.js:280:10)\n    at C:\\Users\\FOLTI-ADMIN\\Documents\\Ambitious_data\\VTU\\node_modules\\express-rate-limit\\dist\\index.cjs:752:7","timestamp":"2025-03-24T02:30:17.751Z"}
{"level":"info","message":"Server is running on port 3000","timestamp":"2025-03-24T02:32:20.731Z"}
{"level":"info","message":"MongoDB Connected using development","timestamp":"2025-03-24T02:32:20.763Z"}
{"level":"info","message":"Server is running on port 3000","timestamp":"2025-03-24T02:32:34.890Z"}
{"level":"info","message":"MongoDB Connected using development","timestamp":"2025-03-24T02:32:34.918Z"}
{"level":"info","message":"Server is running on port 3000","timestamp":"2025-03-24T02:33:08.216Z"}
{"level":"info","message":"MongoDB Connected using development","timestamp":"2025-03-24T02:33:08.241Z"}
{"error":{"ErrorCodes":"Invalid verification token","isOperational":true,"statusCode":400},"level":"error","message":"[Global Error Handler] Invalid token or email already verified","method":"POST","path":"/api/v1/verify-email","stack":"Error: Invalid token or email already verified\n    at AuthController.verifyEmail (C:\\Users\\FOLTI-ADMIN\\Documents\\Ambitious_data\\VTU\\src\\controllers\\authController.ts:341:15)\n    at processTicksAndRejections (node:internal/process/task_queues:95:5)","timestamp":"2025-03-24T02:33:23.379Z"}
{"error":{"ErrorCodes":"Invalid verification token","isOperational":true,"statusCode":400},"level":"error","message":"[Global Error Handler] Invalid token or email already verified","method":"POST","path":"/api/v1/verify-email","stack":"Error: Invalid token or email already verified\n    at AuthController.verifyEmail (C:\\Users\\FOLTI-ADMIN\\Documents\\Ambitious_data\\VTU\\src\\controllers\\authController.ts:341:15)\n    at processTicksAndRejections (node:internal/process/task_queues:95:5)","timestamp":"2025-03-24T02:33:45.119Z"}
{"error":{"ErrorCodes":"Invalid verification token","isOperational":true,"statusCode":400},"level":"error","message":"[Global Error Handler] Invalid token or email already verified","method":"POST","path":"/api/v1/verify-email","stack":"Error: Invalid token or email already verified\n    at AuthController.verifyEmail (C:\\Users\\FOLTI-ADMIN\\Documents\\Ambitious_data\\VTU\\src\\controllers\\authController.ts:341:15)\n    at processTicksAndRejections (node:internal/process/task_queues:95:5)","timestamp":"2025-03-24T02:34:07.953Z"}
{"level":"info","message":"Server is running on port 3000","timestamp":"2025-03-24T02:35:47.424Z"}
{"level":"info","message":"MongoDB Connected using development","timestamp":"2025-03-24T02:35:47.509Z"}
{"error":{"ErrorCodes":"Invalid verification token","isOperational":true,"statusCode":400},"level":"error","message":"[Global Error Handler] Invalid token or email already verified","method":"POST","path":"/api/v1/verify-email","stack":"Error: Invalid token or email already verified\n    at AuthController.verifyEmail (C:\\Users\\FOLTI-ADMIN\\Documents\\Ambitious_data\\VTU\\src\\controllers\\authController.ts:341:15)\n    at processTicksAndRejections (node:internal/process/task_queues:95:5)","timestamp":"2025-03-24T02:35:58.139Z"}
{"error":{"ErrorCodes":"Invalid verification token","isOperational":true,"statusCode":400},"level":"error","message":"[Global Error Handler] Invalid token or email already verified","method":"POST","path":"/api/v1/verify-email","stack":"Error: Invalid token or email already verified\n    at AuthController.verifyEmail (C:\\Users\\FOLTI-ADMIN\\Documents\\Ambitious_data\\VTU\\src\\controllers\\authController.ts:341:15)\n    at processTicksAndRejections (node:internal/process/task_queues:95:5)","timestamp":"2025-03-24T02:36:48.808Z"}
{"level":"info","message":"Server is running on port 3000","timestamp":"2025-03-24T02:38:38.085Z"}
{"level":"info","message":"MongoDB Connected using development","timestamp":"2025-03-24T02:38:38.119Z"}
{"level":"info","message":"Server is running on port 3000","timestamp":"2025-03-24T02:38:55.225Z"}
{"level":"info","message":"MongoDB Connected using development","timestamp":"2025-03-24T02:38:55.252Z"}
{"level":"info","message":"Server is running on port 3000","timestamp":"2025-03-24T02:39:46.490Z"}
{"level":"info","message":"MongoDB Connected using development","timestamp":"2025-03-24T02:39:46.515Z"}
{"error":{"ErrorCodes":"Invalid verification token","isOperational":true,"statusCode":400},"level":"error","message":"[Global Error Handler] Invalid token or email already verified","method":"POST","path":"/api/v1/verify-email","stack":"Error: Invalid token or email already verified\n    at AuthController.verifyEmail (C:\\Users\\FOLTI-ADMIN\\Documents\\Ambitious_data\\VTU\\src\\controllers\\authController.ts:342:15)\n    at processTicksAndRejections (node:internal/process/task_queues:95:5)","timestamp":"2025-03-24T02:39:54.372Z"}
{"level":"info","message":"Server is running on port 3000","timestamp":"2025-03-24T02:40:50.590Z"}
{"level":"info","message":"MongoDB Connected using development","timestamp":"2025-03-24T02:40:50.613Z"}
{"level":"info","message":"Server is running on port 3000","timestamp":"2025-03-24T02:41:11.076Z"}
{"level":"info","message":"MongoDB Connected using development","timestamp":"2025-03-24T02:41:11.102Z"}
{"error":{"ErrorCodes":"Invalid verification token","isOperational":true,"statusCode":400},"level":"error","message":"[Global Error Handler] Invalid token or email already verified","method":"POST","path":"/api/v1/verify-email","stack":"Error: Invalid token or email already verified\n    at AuthController.verifyEmail (C:\\Users\\FOLTI-ADMIN\\Documents\\Ambitious_data\\VTU\\src\\controllers\\authController.ts:343:15)\n    at processTicksAndRejections (node:internal/process/task_queues:95:5)","timestamp":"2025-03-24T02:41:14.144Z"}
{"level":"info","message":"Server is running on port 3000","timestamp":"2025-03-24T02:42:03.968Z"}
{"level":"info","message":"MongoDB Connected using development","timestamp":"2025-03-24T02:42:03.995Z"}
{"error":{"ErrorCodes":"Invalid verification token","isOperational":true,"statusCode":400},"level":"error","message":"[Global Error Handler] Invalid token or email already verified","method":"POST","path":"/api/v1/verify-email","stack":"Error: Invalid token or email already verified\n    at AuthController.verifyEmail (C:\\Users\\FOLTI-ADMIN\\Documents\\Ambitious_data\\VTU\\src\\controllers\\authController.ts:343:15)\n    at processTicksAndRejections (node:internal/process/task_queues:95:5)","timestamp":"2025-03-24T02:42:07.564Z"}
{"level":"info","message":"Server is running on port 3000","timestamp":"2025-03-24T02:43:33.935Z"}
{"level":"info","message":"MongoDB Connected using development","timestamp":"2025-03-24T02:43:33.961Z"}
{"error":{"ErrorCodes":"Invalid verification token","isOperational":true,"statusCode":400},"level":"error","message":"[Global Error Handler] Invalid token or email already verified","method":"POST","path":"/api/v1/verify-email","stack":"Error: Invalid token or email already verified\n    at AuthController.verifyEmail (C:\\Users\\FOLTI-ADMIN\\Documents\\Ambitious_data\\VTU\\src\\controllers\\authController.ts:343:15)\n    at processTicksAndRejections (node:internal/process/task_queues:95:5)","timestamp":"2025-03-24T02:43:37.283Z"}
{"level":"info","message":"Server is running on port 3000","timestamp":"2025-03-24T02:44:25.511Z"}
{"level":"info","message":"MongoDB Connected using development","timestamp":"2025-03-24T02:44:25.536Z"}
{"error":{"ErrorCodes":"Invalid verification token","isOperational":true,"statusCode":400},"level":"error","message":"[Global Error Handler] Invalid token or email already verified","method":"POST","path":"/api/v1/verify-email","stack":"Error: Invalid token or email already verified\n    at AuthController.verifyEmail (C:\\Users\\FOLTI-ADMIN\\Documents\\Ambitious_data\\VTU\\src\\controllers\\authController.ts:342:15)\n    at processTicksAndRejections (node:internal/process/task_queues:95:5)","timestamp":"2025-03-24T02:44:28.781Z"}
{"level":"info","message":"Server is running on port 3000","timestamp":"2025-03-24T02:45:02.294Z"}
{"level":"info","message":"MongoDB Connected using development","timestamp":"2025-03-24T02:45:02.320Z"}
{"error":{"ErrorCodes":"Invalid verification token","isOperational":true,"statusCode":400},"level":"error","message":"[Global Error Handler] Invalid token or email already verified","method":"POST","path":"/api/v1/verify-email","stack":"Error: Invalid token or email already verified\n    at AuthController.verifyEmail (C:\\Users\\FOLTI-ADMIN\\Documents\\Ambitious_data\\VTU\\src\\controllers\\authController.ts:342:15)\n    at processTicksAndRejections (node:internal/process/task_queues:95:5)","timestamp":"2025-03-24T02:45:14.973Z"}
{"level":"info","message":"Server is running on port 3000","timestamp":"2025-03-24T02:46:09.983Z"}
{"level":"info","message":"MongoDB Connected using development","timestamp":"2025-03-24T02:46:10.008Z"}
{"level":"info","message":"Server is running on port 3000","timestamp":"2025-03-24T02:46:32.777Z"}
{"level":"info","message":"MongoDB Connected using development","timestamp":"2025-03-24T02:46:32.802Z"}
{"error":{"ErrorCodes":"Invalid verification token","isOperational":true,"statusCode":400},"level":"error","message":"[Global Error Handler] Invalid token or email already verified","method":"POST","path":"/api/v1/verify-email","stack":"Error: Invalid token or email already verified\n    at AuthController.verifyEmail (C:\\Users\\FOLTI-ADMIN\\Documents\\Ambitious_data\\VTU\\src\\controllers\\authController.ts:342:15)\n    at processTicksAndRejections (node:internal/process/task_queues:95:5)","timestamp":"2025-03-24T02:46:46.762Z"}
{"level":"info","message":"Server is running on port 3000","timestamp":"2025-03-24T02:51:28.003Z"}
{"level":"info","message":"MongoDB Connected using development","timestamp":"2025-03-24T02:51:28.027Z"}
{"level":"info","message":"Server is running on port 3000","timestamp":"2025-03-24T02:51:47.008Z"}
{"level":"info","message":"MongoDB Connected using development","timestamp":"2025-03-24T02:51:47.034Z"}
{"level":"info","message":"Server is running on port 3000","timestamp":"2025-03-24T02:52:06.218Z"}
{"level":"info","message":"MongoDB Connected using development","timestamp":"2025-03-24T02:52:06.241Z"}
{"level":"info","message":"Email verified for user: antwanola29@gmail.com","timestamp":"2025-03-24T02:52:19.144Z"}
{"level":"info","message":"User logged in: antwanola29@gmail.com","timestamp":"2025-03-24T02:52:52.088Z"}
{"level":"info","message":"Server is running on port 3000","timestamp":"2025-03-24T02:53:15.658Z"}
{"level":"info","message":"MongoDB Connected using development","timestamp":"2025-03-24T02:53:15.684Z"}
{"level":"info","message":"Server is running on port 3000","timestamp":"2025-03-24T03:12:58.250Z"}
{"level":"info","message":"MongoDB Connected using development","timestamp":"2025-03-24T03:12:58.273Z"}
{"level":"info","message":"Verification email sent to: antwanola29@gmail.com","timestamp":"2025-03-25T18:23:21.586Z"}
{"error":{"ErrorCodes":"Invalid verification token","isOperational":true,"statusCode":400},"level":"error","message":"[Global Error Handler] Invalid token or email already verified","method":"POST","path":"/api/v1/verify-email","stack":"Error: Invalid token or email already verified\n    at AuthController.verifyEmail (C:\\Users\\FOLTI-ADMIN\\Documents\\Ambitious_data\\VTU\\src\\controllers\\authController.ts:341:15)\n    at processTicksAndRejections (node:internal/process/task_queues:95:5)","timestamp":"2025-03-25T18:45:20.131Z"}
{"error":{"ErrorCodes":"Invalid verification token","isOperational":true,"statusCode":400},"level":"error","message":"[Global Error Handler] Invalid token or email already verified","method":"POST","path":"/api/v1/verify-email","stack":"Error: Invalid token or email already verified\n    at AuthController.verifyEmail (C:\\Users\\FOLTI-ADMIN\\Documents\\Ambitious_data\\VTU\\src\\controllers\\authController.ts:341:15)\n    at processTicksAndRejections (node:internal/process/task_queues:95:5)","timestamp":"2025-03-25T18:45:35.121Z"}
{"error":{"ErrorCodes":"Invalid verification token","isOperational":true,"statusCode":400},"level":"error","message":"[Global Error Handler] Invalid token or email already verified","method":"POST","path":"/api/v1/verify-email","stack":"Error: Invalid token or email already verified\n    at AuthController.verifyEmail (C:\\Users\\FOLTI-ADMIN\\Documents\\Ambitious_data\\VTU\\src\\controllers\\authController.ts:341:15)\n    at processTicksAndRejections (node:internal/process/task_queues:95:5)","timestamp":"2025-03-25T18:45:58.336Z"}
{"error":{"ErrorCodes":"Invalid verification token","isOperational":true,"statusCode":400},"level":"error","message":"[Global Error Handler] Invalid token or email already verified","method":"POST","path":"/api/v1/verify-email","stack":"Error: Invalid token or email already verified\n    at AuthController.verifyEmail (C:\\Users\\FOLTI-ADMIN\\Documents\\Ambitious_data\\VTU\\src\\controllers\\authController.ts:341:15)\n    at processTicksAndRejections (node:internal/process/task_queues:95:5)","timestamp":"2025-03-25T18:46:14.834Z"}
{"error":{"ErrorCodes":"Invalid verification token","isOperational":true,"statusCode":400},"level":"error","message":"[Global Error Handler] Invalid token or email already verified","method":"POST","path":"/api/v1/verify-email","stack":"Error: Invalid token or email already verified\n    at AuthController.verifyEmail (C:\\Users\\FOLTI-ADMIN\\Documents\\Ambitious_data\\VTU\\src\\controllers\\authController.ts:341:15)\n    at processTicksAndRejections (node:internal/process/task_queues:95:5)","timestamp":"2025-03-25T18:46:35.064Z"}
{"error":{"ErrorCodes":"Invalid verification token","isOperational":true,"statusCode":400},"level":"error","message":"[Global Error Handler] Invalid token or email already verified","method":"POST","path":"/api/v1/verify-email","stack":"Error: Invalid token or email already verified\n    at AuthController.verifyEmail (C:\\Users\\FOLTI-ADMIN\\Documents\\Ambitious_data\\VTU\\src\\controllers\\authController.ts:341:15)\n    at processTicksAndRejections (node:internal/process/task_queues:95:5)","timestamp":"2025-03-25T18:47:53.887Z"}
{"error":{"ErrorCodes":"Invalid verification token","isOperational":true,"statusCode":400},"level":"error","message":"[Global Error Handler] Invalid token or email already verified","method":"POST","path":"/api/v1/verify-email","stack":"Error: Invalid token or email already verified\n    at AuthController.verifyEmail (C:\\Users\\FOLTI-ADMIN\\Documents\\Ambitious_data\\VTU\\src\\controllers\\authController.ts:341:15)\n    at processTicksAndRejections (node:internal/process/task_queues:95:5)","timestamp":"2025-03-25T18:47:58.539Z"}
{"level":"info","message":"Server is running on port 3000","timestamp":"2025-03-25T18:54:19.043Z"}
{"level":"info","message":"MongoDB Connected using development","timestamp":"2025-03-25T18:54:19.130Z"}
{"error":{"ErrorCodes":"User already exist","isOperational":true,"statusCode":200},"level":"error","message":"[Global Error Handler] Email already verified","method":"POST","path":"/api/v1/verify-account","stack":"Error: Email already verified\n    at AuthController.verifyAccount (C:\\Users\\FOLTI-ADMIN\\Documents\\Ambitious_data\\VTU\\src\\controllers\\authController.ts:399:15)\n    at processTicksAndRejections (node:internal/process/task_queues:95:5)","timestamp":"2025-03-25T18:54:22.305Z"}
